<?xml version="1.0" encoding="UTF-8"?>
<!-- Generated by org.testng.reporters.JUnitReportReporter -->
<testsuite skipped="0" hostname="DESKTOP-H45VDFL" name="gov.uk.check.visa.testng.TestNGGrouping" tests="2" failures="0" timestamp="2022-05-09T00:57:21 BST" time="15.535" errors="0">
  <testcase name="aChileanComingToTheUKForWorkAndPlansOnStayingForLongerThanSixMonths" time="9.193" classname="gov.uk.check.visa.testng.TestNGGrouping"/>
  <system-out>
    <![CDATA[click On Start Button[[ChromeDriver: chrome on WINDOWS (642ffc7a0ad0b2cc6171870fcb83c28e)] -> xpath: //a[normalize-space()='Start now']]
select country [[ChromeDriver: chrome on WINDOWS (642ffc7a0ad0b2cc6171870fcb83c28e)] -> id: response]
Reason for visit [[[ChromeDriver: chrome on WINDOWS (642ffc7a0ad0b2cc6171870fcb83c28e)] -> xpath: //div[@class='govuk-radios']//div//label], [[ChromeDriver: chrome on WINDOWS (642ffc7a0ad0b2cc6171870fcb83c28e)] -> xpath: //div[@class='govuk-radios']//div//label], [[ChromeDriver: chrome on WINDOWS (642ffc7a0ad0b2cc6171870fcb83c28e)] -> xpath: //div[@class='govuk-radios']//div//label], [[ChromeDriver: chrome on WINDOWS (642ffc7a0ad0b2cc6171870fcb83c28e)] -> xpath: //div[@class='govuk-radios']//div//label], [[ChromeDriver: chrome on WINDOWS (642ffc7a0ad0b2cc6171870fcb83c28e)] -> xpath: //div[@class='govuk-radios']//div//label], [[ChromeDriver: chrome on WINDOWS (642ffc7a0ad0b2cc6171870fcb83c28e)] -> xpath: //div[@class='govuk-radios']//div//label], [[ChromeDriver: chrome on WINDOWS (642ffc7a0ad0b2cc6171870fcb83c28e)] -> xpath: //div[@class='govuk-radios']//div//label], [[ChromeDriver: chrome on WINDOWS (642ffc7a0ad0b2cc6171870fcb83c28e)] -> xpath: //div[@class='govuk-radios']//div//label], [[ChromeDriver: chrome on WINDOWS (642ffc7a0ad0b2cc6171870fcb83c28e)] -> xpath: //div[@class='govuk-radios']//div//label]]
Select the Stay time length [[[ChromeDriver: chrome on WINDOWS (642ffc7a0ad0b2cc6171870fcb83c28e)] -> xpath: //div[@class='govuk-radios']//label], [[ChromeDriver: chrome on WINDOWS (642ffc7a0ad0b2cc6171870fcb83c28e)] -> xpath: //div[@class='govuk-radios']//label]]
select job type list[[[ChromeDriver: chrome on WINDOWS (642ffc7a0ad0b2cc6171870fcb83c28e)] -> xpath: //div[@class='govuk-radios']//div//label], [[ChromeDriver: chrome on WINDOWS (642ffc7a0ad0b2cc6171870fcb83c28e)] -> xpath: //div[@class='govuk-radios']//div//label], [[ChromeDriver: chrome on WINDOWS (642ffc7a0ad0b2cc6171870fcb83c28e)] -> xpath: //div[@class='govuk-radios']//div//label], [[ChromeDriver: chrome on WINDOWS (642ffc7a0ad0b2cc6171870fcb83c28e)] -> xpath: //div[@class='govuk-radios']//div//label], [[ChromeDriver: chrome on WINDOWS (642ffc7a0ad0b2cc6171870fcb83c28e)] -> xpath: //div[@class='govuk-radios']//div//label], [[ChromeDriver: chrome on WINDOWS (642ffc7a0ad0b2cc6171870fcb83c28e)] -> xpath: //div[@class='govuk-radios']//div//label], [[ChromeDriver: chrome on WINDOWS (642ffc7a0ad0b2cc6171870fcb83c28e)] -> xpath: //div[@class='govuk-radios']//div//label], [[ChromeDriver: chrome on WINDOWS (642ffc7a0ad0b2cc6171870fcb83c28e)] -> xpath: //div[@class='govuk-radios']//div//label]]
get Result and verify [[ChromeDriver: chrome on WINDOWS (642ffc7a0ad0b2cc6171870fcb83c28e)] -> xpath: //h2[@class='gem-c-heading gem-c-heading--font-size-27 govuk-!-margin-bottom-6']]]]>
  </system-out>
  <testcase name="anAustralianCominToUKForTourism" time="6.342" classname="gov.uk.check.visa.testng.TestNGGrouping"/>
  <system-out>
    <![CDATA[click On Start Button[[ChromeDriver: chrome on WINDOWS (54fe5abd2d59fb060cbea963ff8107e5)] -> xpath: //a[normalize-space()='Start now']]
select country [[ChromeDriver: chrome on WINDOWS (54fe5abd2d59fb060cbea963ff8107e5)] -> id: response]
Reason for visit [[[ChromeDriver: chrome on WINDOWS (54fe5abd2d59fb060cbea963ff8107e5)] -> xpath: //div[@class='govuk-radios']//div//label], [[ChromeDriver: chrome on WINDOWS (54fe5abd2d59fb060cbea963ff8107e5)] -> xpath: //div[@class='govuk-radios']//div//label], [[ChromeDriver: chrome on WINDOWS (54fe5abd2d59fb060cbea963ff8107e5)] -> xpath: //div[@class='govuk-radios']//div//label], [[ChromeDriver: chrome on WINDOWS (54fe5abd2d59fb060cbea963ff8107e5)] -> xpath: //div[@class='govuk-radios']//div//label], [[ChromeDriver: chrome on WINDOWS (54fe5abd2d59fb060cbea963ff8107e5)] -> xpath: //div[@class='govuk-radios']//div//label], [[ChromeDriver: chrome on WINDOWS (54fe5abd2d59fb060cbea963ff8107e5)] -> xpath: //div[@class='govuk-radios']//div//label], [[ChromeDriver: chrome on WINDOWS (54fe5abd2d59fb060cbea963ff8107e5)] -> xpath: //div[@class='govuk-radios']//div//label], [[ChromeDriver: chrome on WINDOWS (54fe5abd2d59fb060cbea963ff8107e5)] -> xpath: //div[@class='govuk-radios']//div//label], [[ChromeDriver: chrome on WINDOWS (54fe5abd2d59fb060cbea963ff8107e5)] -> xpath: //div[@class='govuk-radios']//div//label]]
get Result and verify [[ChromeDriver: chrome on WINDOWS (54fe5abd2d59fb060cbea963ff8107e5)] -> xpath: //h2[@class='gem-c-heading gem-c-heading--font-size-27 govuk-!-margin-bottom-6']]]]>
  </system-out>
</testsuite> <!-- gov.uk.check.visa.testng.TestNGGrouping -->
